10 2 4 8
1 5 3 -
9 7 6 12
13 14 11 15

10 2 4 -
1 5 3 8
9 7 6 12
13 14 11 15

10 2 - 4
1 5 3 8
9 7 6 12
13 14 11 15

10 - 2 4
1 5 3 8
9 7 6 12
13 14 11 15

- 10 2 4
1 5 3 8
9 7 6 12
13 14 11 15

1 10 2 4
- 5 3 8
9 7 6 12
13 14 11 15

1 10 2 4
5 - 3 8
9 7 6 12
13 14 11 15

1 - 2 4
5 10 3 8
9 7 6 12
13 14 11 15

1 2 - 4
5 10 3 8
9 7 6 12
13 14 11 15

1 2 3 4
5 10 - 8
9 7 6 12
13 14 11 15

1 2 3 4
5 10 6 8
9 7 - 12
13 14 11 15

1 2 3 4
5 10 6 8
9 - 7 12
13 14 11 15

1 2 3 4
5 - 6 8
9 10 7 12
13 14 11 15

1 2 3 4
5 6 - 8
9 10 7 12
13 14 11 15

1 2 3 4
5 6 7 8
9 10 - 12
13 14 11 15

1 2 3 4
5 6 7 8
9 10 11 12
13 14 - 15

1 2 3 4
5 6 7 8
9 10 11 12
13 14 15 -

